# JRE version: OpenJDK Runtime Environment (11.0.8+10) (build 11.0.8+10-b944.6842174)
# Java VM: OpenJDK 64-Bit Server VM (11.0.8+10-b944.6842174, mixed mode, tiered, compressed oops, g1 gc, windows-amd64)
Heap:
 garbage-first heap   total 427008K, used 237281K [0x0000000080000000, 0x0000000100000000)
  region size 1024K, 2 young (2048K), 2 survivors (2048K)
 Metaspace       used 106570K, capacity 109388K, committed 109568K, reserved 1144832K
  class space    used 13609K, capacity 14588K, committed 14592K, reserved 1048576K
GC Heap History (20 events):
Event: 51.865 GC heap before
{Heap before GC invocations=49 (full 0):
 garbage-first heap   total 157696K, used 134554K [0x0000000080000000, 0x0000000100000000)
  region size 1024K, 20 young (20480K), 2 survivors (2048K)
 Metaspace       used 105117K, capacity 107941K, committed 108160K, reserved 1142784K
  class space    used 13413K, capacity 14408K, committed 14464K, reserved 1048576K
}
Event: 51.873 GC heap after
{Heap after GC invocations=50 (full 0):
 garbage-first heap   total 157696K, used 118098K [0x0000000080000000, 0x0000000100000000)
  region size 1024K, 2 young (2048K), 2 survivors (2048K)
 Metaspace       used 105117K, capacity 107941K, committed 108160K, reserved 1142784K
  class space    used 13413K, capacity 14408K, committed 14464K, reserved 1048576K
}
Event: 51.910 GC heap before
{Heap before GC invocations=50 (full 0):
 garbage-first heap   total 157696K, used 123218K [0x0000000080000000, 0x0000000100000000)
  region size 1024K, 7 young (7168K), 2 survivors (2048K)
 Metaspace       used 105133K, capacity 107941K, committed 108160K, reserved 1142784K
  class space    used 13417K, capacity 14408K, committed 14464K, reserved 1048576K
}
Event: 51.917 GC heap after
{Heap after GC invocations=51 (full 0):
 garbage-first heap   total 197632K, used 118098K [0x0000000080000000, 0x0000000100000000)
  region size 1024K, 1 young (1024K), 1 survivors (1024K)
 Metaspace       used 105133K, capacity 107941K, committed 108160K, reserved 1142784K
  class space    used 13417K, capacity 14408K, committed 14464K, reserved 1048576K
}
Event: 52.500 GC heap before
{Heap before GC invocations=51 (full 0):
 garbage-first heap   total 197632K, used 194898K [0x0000000080000000, 0x0000000100000000)
  region size 1024K, 32 young (32768K), 1 survivors (1024K)
 Metaspace       used 106335K, capacity 109156K, committed 109312K, reserved 1144832K
  class space    used 13584K, capacity 14554K, committed 14592K, reserved 1048576K
}
Event: 52.507 GC heap after
{Heap after GC invocations=52 (full 0):
 garbage-first heap   total 205824K, used 169596K [0x0000000080000000, 0x0000000100000000)
  region size 1024K, 5 young (5120K), 5 survivors (5120K)
 Metaspace       used 106335K, capacity 109156K, committed 109312K, reserved 1144832K
  class space    used 13584K, capacity 14554K, committed 14592K, reserved 1048576K
}
Event: 52.548 GC heap before
{Heap before GC invocations=52 (full 0):
 garbage-first heap   total 229376K, used 227964K [0x0000000080000000, 0x0000000100000000)
  region size 1024K, 9 young (9216K), 5 survivors (5120K)
 Metaspace       used 106339K, capacity 109156K, committed 109312K, reserved 1144832K
  class space    used 13584K, capacity 14554K, committed 14592K, reserved 1048576K
}
Event: 52.552 GC heap after
{Heap after GC invocations=53 (full 0):
 garbage-first heap   total 237568K, used 200142K [0x0000000080000000, 0x0000000100000000)
  region size 1024K, 2 young (2048K), 2 survivors (2048K)
 Metaspace       used 106339K, capacity 109156K, committed 109312K, reserved 1144832K
  class space    used 13584K, capacity 14554K, committed 14592K, reserved 1048576K
}
Event: 52.613 GC heap before
{Heap before GC invocations=53 (full 0):
 garbage-first heap   total 237568K, used 228814K [0x0000000080000000, 0x0000000100000000)
  region size 1024K, 11 young (11264K), 2 survivors (2048K)
 Metaspace       used 106527K, capacity 109323K, committed 109568K, reserved 1144832K
  class space    used 13609K, capacity 14588K, committed 14592K, reserved 1048576K
}
Event: 52.616 GC heap after
{Heap after GC invocations=54 (full 0):
 garbage-first heap   total 237568K, used 214639K [0x0000000080000000, 0x0000000100000000)
  region size 1024K, 2 young (2048K), 2 survivors (2048K)
 Metaspace       used 106527K, capacity 109323K, committed 109568K, reserved 1144832K
  class space    used 13609K, capacity 14588K, committed 14592K, reserved 1048576K
}
Event: 52.719 GC heap before
{Heap before GC invocations=54 (full 0):
 garbage-first heap   total 237568K, used 223855K [0x0000000080000000, 0x0000000100000000)
  region size 1024K, 11 young (11264K), 2 survivors (2048K)
 Metaspace       used 106569K, capacity 109388K, committed 109568K, reserved 1144832K
  class space    used 13609K, capacity 14588K, committed 14592K, reserved 1048576K
}
Event: 52.725 GC heap after
{Heap after GC invocations=55 (full 0):
 garbage-first heap   total 237568K, used 218216K [0x0000000080000000, 0x0000000100000000)
  region size 1024K, 2 young (2048K), 2 survivors (2048K)
 Metaspace       used 106569K, capacity 109388K, committed 109568K, reserved 1144832K
  class space    used 13609K, capacity 14588K, committed 14592K, reserved 1048576K
}
Event: 52.793 GC heap before
{Heap before GC invocations=56 (full 0):
 garbage-first heap   total 237568K, used 227432K [0x0000000080000000, 0x0000000100000000)
  region size 1024K, 11 young (11264K), 2 survivors (2048K)
 Metaspace       used 106570K, capacity 109388K, committed 109568K, reserved 1144832K
  class space    used 13609K, capacity 14588K, committed 14592K, reserved 1048576K
}
Event: 52.804 GC heap after
{Heap after GC invocations=57 (full 0):
 garbage-first heap   total 285696K, used 222616K [0x0000000080000000, 0x0000000100000000)
  region size 1024K, 2 young (2048K), 2 survivors (2048K)
 Metaspace       used 106570K, capacity 109388K, committed 109568K, reserved 1144832K
  class space    used 13609K, capacity 14588K, committed 14592K, reserved 1048576K
}
Event: 52.820 GC heap before
{Heap before GC invocations=57 (full 0):
 garbage-first heap   total 285696K, used 223640K [0x0000000080000000, 0x0000000100000000)
  region size 1024K, 4 young (4096K), 2 survivors (2048K)
 Metaspace       used 106570K, capacity 109388K, committed 109568K, reserved 1144832K
  class space    used 13609K, capacity 14588K, committed 14592K, reserved 1048576K
}
Event: 52.825 GC heap after
{Heap after GC invocations=58 (full 0):
 garbage-first heap   total 285696K, used 223593K [0x0000000080000000, 0x0000000100000000)
  region size 1024K, 1 young (1024K), 1 survivors (1024K)
 Metaspace       used 106570K, capacity 109388K, committed 109568K, reserved 1144832K
  class space    used 13609K, capacity 14588K, committed 14592K, reserved 1048576K
}
Event: 52.944 GC heap before
{Heap before GC invocations=58 (full 0):
 garbage-first heap   total 285696K, used 236905K [0x0000000080000000, 0x0000000100000000)
  region size 1024K, 13 young (13312K), 1 survivors (1024K)
 Metaspace       used 106570K, capacity 109388K, committed 109568K, reserved 1144832K
  class space    used 13609K, capacity 14588K, committed 14592K, reserved 1048576K
}
Event: 52.959 GC heap after
{Heap after GC invocations=59 (full 0):
 garbage-first heap   total 285696K, used 228029K [0x0000000080000000, 0x0000000100000000)
  region size 1024K, 2 young (2048K), 2 survivors (2048K)
 Metaspace       used 106570K, capacity 109388K, committed 109568K, reserved 1144832K
  class space    used 13609K, capacity 14588K, committed 14592K, reserved 1048576K
}
Event: 53.062 GC heap before
{Heap before GC invocations=59 (full 0):
 garbage-first heap   total 285696K, used 239293K [0x0000000080000000, 0x0000000100000000)
  region size 1024K, 13 young (13312K), 2 survivors (2048K)
 Metaspace       used 106570K, capacity 109388K, committed 109568K, reserved 1144832K
  class space    used 13609K, capacity 14588K, committed 14592K, reserved 1048576K
}
Event: 53.066 GC heap after
{Heap after GC invocations=60 (full 0):
 garbage-first heap   total 285696K, used 231239K [0x0000000080000000, 0x0000000100000000)
  region size 1024K, 2 young (2048K), 2 survivors (2048K)
 Metaspace       used 106570K, capacity 109388K, committed 109568K, reserved 1144832K
  class space    used 13609K, capacity 14588K, committed 14592K, reserved 1048576K
}

