# JRE version: OpenJDK Runtime Environment (11.0.8+10) (build 11.0.8+10-b944.6842174)
# Java VM: OpenJDK 64-Bit Server VM (11.0.8+10-b944.6842174, mixed mode, tiered, compressed oops, g1 gc, windows-amd64)
Heap:
 garbage-first heap   total 1067008K, used 168032K [0x0000000080000000, 0x0000000100000000)
  region size 1024K, 4 young (4096K), 4 survivors (4096K)
 Metaspace       used 97018K, capacity 99472K, committed 99532K, reserved 1134592K
  class space    used 12788K, capacity 13764K, committed 13824K, reserved 1048576K
GC Heap History (20 events):
Event: 23.632 GC heap after
{Heap after GC invocations=34 (full 0):
 garbage-first heap   total 157696K, used 118905K [0x0000000080000000, 0x0000000100000000)
  region size 1024K, 1 young (1024K), 1 survivors (1024K)
 Metaspace       used 90204K, capacity 92218K, committed 92492K, reserved 1128448K
  class space    used 11750K, capacity 12549K, committed 12672K, reserved 1048576K
}
Event: 23.656 GC heap before
{Heap before GC invocations=34 (full 0):
 garbage-first heap   total 157696K, used 131193K [0x0000000080000000, 0x0000000100000000)
  region size 1024K, 14 young (14336K), 1 survivors (1024K)
 Metaspace       used 90368K, capacity 92414K, committed 92748K, reserved 1130496K
  class space    used 11771K, capacity 12593K, committed 12672K, reserved 1048576K
}
Event: 23.661 GC heap after
{Heap after GC invocations=35 (full 0):
 garbage-first heap   total 157696K, used 121782K [0x0000000080000000, 0x0000000100000000)
  region size 1024K, 2 young (2048K), 2 survivors (2048K)
 Metaspace       used 90368K, capacity 92414K, committed 92748K, reserved 1130496K
  class space    used 11771K, capacity 12593K, committed 12672K, reserved 1048576K
}
Event: 23.688 GC heap before
{Heap before GC invocations=35 (full 0):
 garbage-first heap   total 157696K, used 134070K [0x0000000080000000, 0x0000000100000000)
  region size 1024K, 14 young (14336K), 2 survivors (2048K)
 Metaspace       used 90647K, capacity 92711K, committed 93004K, reserved 1130496K
  class space    used 11789K, capacity 12612K, committed 12672K, reserved 1048576K
}
Event: 23.693 GC heap after
{Heap after GC invocations=36 (full 0):
 garbage-first heap   total 189440K, used 124740K [0x0000000080000000, 0x0000000100000000)
  region size 1024K, 2 young (2048K), 2 survivors (2048K)
 Metaspace       used 90647K, capacity 92711K, committed 93004K, reserved 1130496K
  class space    used 11789K, capacity 12612K, committed 12672K, reserved 1048576K
}
Event: 23.757 GC heap before
{Heap before GC invocations=36 (full 0):
 garbage-first heap   total 189440K, used 147268K [0x0000000080000000, 0x0000000100000000)
  region size 1024K, 25 young (25600K), 2 survivors (2048K)
 Metaspace       used 91145K, capacity 93292K, committed 93388K, reserved 1130496K
  class space    used 11911K, capacity 12794K, committed 12800K, reserved 1048576K
}
Event: 23.764 GC heap after
{Heap after GC invocations=37 (full 0):
 garbage-first heap   total 189440K, used 130854K [0x0000000080000000, 0x0000000100000000)
  region size 1024K, 4 young (4096K), 4 survivors (4096K)
 Metaspace       used 91145K, capacity 93292K, committed 93388K, reserved 1130496K
  class space    used 11911K, capacity 12794K, committed 12800K, reserved 1048576K
}
Event: 23.844 GC heap before
{Heap before GC invocations=37 (full 0):
 garbage-first heap   total 189440K, used 151334K [0x0000000080000000, 0x0000000100000000)
  region size 1024K, 24 young (24576K), 4 survivors (4096K)
 Metaspace       used 91612K, capacity 93711K, committed 94028K, reserved 1130496K
  class space    used 11961K, capacity 12806K, committed 12928K, reserved 1048576K
}
Event: 23.852 GC heap after
{Heap after GC invocations=38 (full 0):
 garbage-first heap   total 189440K, used 136089K [0x0000000080000000, 0x0000000100000000)
  region size 1024K, 3 young (3072K), 3 survivors (3072K)
 Metaspace       used 91612K, capacity 93711K, committed 94028K, reserved 1130496K
  class space    used 11961K, capacity 12806K, committed 12928K, reserved 1048576K
}
Event: 23.900 GC heap before
{Heap before GC invocations=38 (full 0):
 garbage-first heap   total 189440K, used 154521K [0x0000000080000000, 0x0000000100000000)
  region size 1024K, 21 young (21504K), 3 survivors (3072K)
 Metaspace       used 91958K, capacity 94091K, committed 94412K, reserved 1130496K
  class space    used 12026K, capacity 12870K, committed 13056K, reserved 1048576K
}
Event: 23.908 GC heap after
{Heap after GC invocations=39 (full 0):
 garbage-first heap   total 189440K, used 140923K [0x0000000080000000, 0x0000000100000000)
  region size 1024K, 3 young (3072K), 3 survivors (3072K)
 Metaspace       used 91958K, capacity 94091K, committed 94412K, reserved 1130496K
  class space    used 12026K, capacity 12870K, committed 13056K, reserved 1048576K
}
Event: 23.945 GC heap before
{Heap before GC invocations=40 (full 0):
 garbage-first heap   total 189440K, used 156283K [0x0000000080000000, 0x0000000100000000)
  region size 1024K, 19 young (19456K), 3 survivors (3072K)
 Metaspace       used 92421K, capacity 94588K, committed 94924K, reserved 1130496K
  class space    used 12124K, capacity 12972K, committed 13056K, reserved 1048576K
}
Event: 23.957 GC heap after
{Heap after GC invocations=41 (full 0):
 garbage-first heap   total 378880K, used 144571K [0x0000000080000000, 0x0000000100000000)
  region size 1024K, 3 young (3072K), 3 survivors (3072K)
 Metaspace       used 92421K, capacity 94588K, committed 94924K, reserved 1130496K
  class space    used 12124K, capacity 12972K, committed 13056K, reserved 1048576K
}
Event: 24.056 GC heap before
{Heap before GC invocations=41 (full 0):
 garbage-first heap   total 378880K, used 158907K [0x0000000080000000, 0x0000000100000000)
  region size 1024K, 18 young (18432K), 3 survivors (3072K)
 Metaspace       used 93098K, capacity 95247K, committed 95564K, reserved 1132544K
  class space    used 12231K, capacity 13110K, committed 13184K, reserved 1048576K
}
Event: 24.104 GC heap after
{Heap after GC invocations=42 (full 0):
 garbage-first heap   total 378880K, used 147425K [0x0000000080000000, 0x0000000100000000)
  region size 1024K, 3 young (3072K), 3 survivors (3072K)
 Metaspace       used 93098K, capacity 95247K, committed 95564K, reserved 1132544K
  class space    used 12231K, capacity 13110K, committed 13184K, reserved 1048576K
}
Event: 24.794 GC heap before
{Heap before GC invocations=42 (full 0):
 garbage-first heap   total 378880K, used 237537K [0x0000000080000000, 0x0000000100000000)
  region size 1024K, 91 young (93184K), 3 survivors (3072K)
 Metaspace       used 95199K, capacity 97499K, committed 97740K, reserved 1134592K
  class space    used 12588K, capacity 13495K, committed 13568K, reserved 1048576K
}
Event: 24.823 GC heap after
{Heap after GC invocations=43 (full 0):
 garbage-first heap   total 378880K, used 162605K [0x0000000080000000, 0x0000000100000000)
  region size 1024K, 12 young (12288K), 12 survivors (12288K)
 Metaspace       used 95199K, capacity 97499K, committed 97740K, reserved 1134592K
  class space    used 12588K, capacity 13495K, committed 13568K, reserved 1048576K
}
Event: 25.705 GC heap before
{Heap before GC invocations=43 (full 0):
 garbage-first heap   total 378880K, used 249645K [0x0000000080000000, 0x0000000100000000)
  region size 1024K, 98 young (100352K), 12 survivors (12288K)
 Metaspace       used 96775K, capacity 99260K, committed 99532K, reserved 1134592K
  class space    used 12773K, capacity 13758K, committed 13824K, reserved 1048576K
}
Event: 25.718 GC heap after
{Heap after GC invocations=44 (full 0):
 garbage-first heap   total 378880K, used 166916K [0x0000000080000000, 0x0000000100000000)
  region size 1024K, 8 young (8192K), 8 survivors (8192K)
 Metaspace       used 96775K, capacity 99260K, committed 99532K, reserved 1134592K
  class space    used 12773K, capacity 13758K, committed 13824K, reserved 1048576K
}
Event: 25.994 GC heap before
{Heap before GC invocations=44 (full 0):
 garbage-first heap   total 378880K, used 259076K [0x0000000080000000, 0x0000000100000000)
  region size 1024K, 98 young (100352K), 8 survivors (8192K)
 Metaspace       used 97018K, capacity 99472K, committed 99532K, reserved 1134592K
  class space    used 12788K, capacity 13764K, committed 13824K, reserved 1048576K
}

