# JRE version: OpenJDK Runtime Environment (11.0.8+10) (build 11.0.8+10-b944.6842174)
# Java VM: OpenJDK 64-Bit Server VM (11.0.8+10-b944.6842174, mixed mode, tiered, compressed oops, g1 gc, windows-amd64)
Heap:
 garbage-first heap   total 478208K, used 175063K [0x0000000080000000, 0x0000000100000000)
  region size 1024K, 8 young (8192K), 8 survivors (8192K)
 Metaspace       used 103351K, capacity 105865K, committed 106316K, reserved 1140736K
  class space    used 13252K, capacity 14199K, committed 14464K, reserved 1048576K
GC Heap History (20 events):
Event: 18.666 GC heap after
{Heap after GC invocations=26 (full 0):
 garbage-first heap   total 227328K, used 115728K [0x0000000080000000, 0x0000000100000000)
  region size 1024K, 11 young (11264K), 11 survivors (11264K)
 Metaspace       used 93489K, capacity 95630K, committed 95820K, reserved 1132544K
  class space    used 11791K, capacity 12592K, committed 12672K, reserved 1048576K
}
Event: 18.878 GC heap before
{Heap before GC invocations=26 (full 0):
 garbage-first heap   total 227328K, used 176144K [0x0000000080000000, 0x0000000100000000)
  region size 1024K, 71 young (72704K), 11 survivors (11264K)
 Metaspace       used 95336K, capacity 97657K, committed 97996K, reserved 1134592K
  class space    used 12101K, capacity 12972K, committed 13056K, reserved 1048576K
}
Event: 18.899 GC heap after
{Heap after GC invocations=27 (full 0):
 garbage-first heap   total 227328K, used 131319K [0x0000000080000000, 0x0000000100000000)
  region size 1024K, 9 young (9216K), 9 survivors (9216K)
 Metaspace       used 95336K, capacity 97657K, committed 97996K, reserved 1134592K
  class space    used 12101K, capacity 12972K, committed 13056K, reserved 1048576K
}
Event: 19.114 GC heap before
{Heap before GC invocations=28 (full 0):
 garbage-first heap   total 227328K, used 169207K [0x0000000080000000, 0x0000000100000000)
  region size 1024K, 53 young (54272K), 9 survivors (9216K)
 Metaspace       used 96761K, capacity 99178K, committed 99532K, reserved 1136640K
  class space    used 12302K, capacity 13200K, committed 13312K, reserved 1048576K
}
Event: 19.126 GC heap after
{Heap after GC invocations=29 (full 0):
 garbage-first heap   total 227328K, used 132754K [0x0000000080000000, 0x0000000100000000)
  region size 1024K, 7 young (7168K), 7 survivors (7168K)
 Metaspace       used 96761K, capacity 99178K, committed 99532K, reserved 1136640K
  class space    used 12302K, capacity 13200K, committed 13312K, reserved 1048576K
}
Event: 19.141 GC heap before
{Heap before GC invocations=29 (full 0):
 garbage-first heap   total 227328K, used 135826K [0x0000000080000000, 0x0000000100000000)
  region size 1024K, 11 young (11264K), 7 survivors (7168K)
 Metaspace       used 96897K, capacity 99312K, committed 99532K, reserved 1136640K
  class space    used 12319K, capacity 13202K, committed 13312K, reserved 1048576K
}
Event: 19.147 GC heap after
{Heap after GC invocations=30 (full 0):
 garbage-first heap   total 227328K, used 122058K [0x0000000080000000, 0x0000000100000000)
  region size 1024K, 2 young (2048K), 2 survivors (2048K)
 Metaspace       used 96897K, capacity 99312K, committed 99532K, reserved 1136640K
  class space    used 12319K, capacity 13202K, committed 13312K, reserved 1048576K
}
Event: 19.474 GC heap before
{Heap before GC invocations=30 (full 0):
 garbage-first heap   total 227328K, used 172234K [0x0000000080000000, 0x0000000100000000)
  region size 1024K, 53 young (54272K), 2 survivors (2048K)
 Metaspace       used 98464K, capacity 101009K, committed 101068K, reserved 1136640K
  class space    used 12582K, capacity 13559K, committed 13568K, reserved 1048576K
}
Event: 19.491 GC heap after
{Heap after GC invocations=31 (full 0):
 garbage-first heap   total 227328K, used 134547K [0x0000000080000000, 0x0000000100000000)
  region size 1024K, 7 young (7168K), 7 survivors (7168K)
 Metaspace       used 98464K, capacity 101009K, committed 101068K, reserved 1136640K
  class space    used 12582K, capacity 13559K, committed 13568K, reserved 1048576K
}
Event: 19.901 GC heap before
{Heap before GC invocations=31 (full 0):
 garbage-first heap   total 227328K, used 175507K [0x0000000080000000, 0x0000000100000000)
  region size 1024K, 48 young (49152K), 7 survivors (7168K)
 Metaspace       used 99444K, capacity 101778K, committed 102732K, reserved 1138688K
  class space    used 12720K, capacity 13624K, committed 13952K, reserved 1048576K
}
Event: 19.926 GC heap after
{Heap after GC invocations=32 (full 0):
 garbage-first heap   total 227328K, used 142961K [0x0000000080000000, 0x0000000100000000)
  region size 1024K, 6 young (6144K), 6 survivors (6144K)
 Metaspace       used 99444K, capacity 101778K, committed 102732K, reserved 1138688K
  class space    used 12720K, capacity 13624K, committed 13952K, reserved 1048576K
}
Event: 20.198 GC heap before
{Heap before GC invocations=33 (full 0):
 garbage-first heap   total 227328K, used 179825K [0x0000000080000000, 0x0000000100000000)
  region size 1024K, 42 young (43008K), 6 survivors (6144K)
 Metaspace       used 100694K, capacity 103101K, committed 103628K, reserved 1138688K
  class space    used 12932K, capacity 13874K, committed 14080K, reserved 1048576K
}
Event: 20.258 GC heap after
{Heap after GC invocations=34 (full 0):
 garbage-first heap   total 278528K, used 149898K [0x0000000080000000, 0x0000000100000000)
  region size 1024K, 6 young (6144K), 6 survivors (6144K)
 Metaspace       used 100694K, capacity 103101K, committed 103628K, reserved 1138688K
  class space    used 12932K, capacity 13874K, committed 14080K, reserved 1048576K
}
Event: 20.325 GC heap before
{Heap before GC invocations=34 (full 0):
 garbage-first heap   total 278528K, used 156042K [0x0000000080000000, 0x0000000100000000)
  region size 1024K, 13 young (13312K), 6 survivors (6144K)
 Metaspace       used 100938K, capacity 103374K, committed 103884K, reserved 1138688K
  class space    used 12994K, capacity 13943K, committed 14080K, reserved 1048576K
}
Event: 20.343 GC heap after
{Heap after GC invocations=35 (full 0):
 garbage-first heap   total 278528K, used 146240K [0x0000000080000000, 0x0000000100000000)
  region size 1024K, 2 young (2048K), 2 survivors (2048K)
 Metaspace       used 100938K, capacity 103374K, committed 103884K, reserved 1138688K
  class space    used 12994K, capacity 13943K, committed 14080K, reserved 1048576K
}
Event: 20.911 GC heap before
{Heap before GC invocations=35 (full 0):
 garbage-first heap   total 278528K, used 211776K [0x0000000080000000, 0x0000000100000000)
  region size 1024K, 66 young (67584K), 2 survivors (2048K)
 Metaspace       used 101804K, capacity 104262K, committed 104780K, reserved 1140736K
  class space    used 13105K, capacity 14060K, committed 14208K, reserved 1048576K
}
Event: 20.931 GC heap after
{Heap after GC invocations=36 (full 0):
 garbage-first heap   total 278528K, used 160008K [0x0000000080000000, 0x0000000100000000)
  region size 1024K, 9 young (9216K), 9 survivors (9216K)
 Metaspace       used 101804K, capacity 104262K, committed 104780K, reserved 1140736K
  class space    used 13105K, capacity 14060K, committed 14208K, reserved 1048576K
}
Event: 21.208 GC heap before
{Heap before GC invocations=36 (full 0):
 garbage-first heap   total 278528K, used 216328K [0x0000000080000000, 0x0000000100000000)
  region size 1024K, 64 young (65536K), 9 survivors (9216K)
 Metaspace       used 103048K, capacity 105584K, committed 105676K, reserved 1140736K
  class space    used 13265K, capacity 14244K, committed 14336K, reserved 1048576K
}
Event: 21.229 GC heap after
{Heap after GC invocations=37 (full 0):
 garbage-first heap   total 278528K, used 168367K [0x0000000080000000, 0x0000000100000000)
  region size 1024K, 8 young (8192K), 8 survivors (8192K)
 Metaspace       used 103048K, capacity 105584K, committed 105676K, reserved 1140736K
  class space    used 13265K, capacity 14244K, committed 14336K, reserved 1048576K
}
Event: 21.426 GC heap before
{Heap before GC invocations=37 (full 0):
 garbage-first heap   total 278528K, used 218543K [0x0000000080000000, 0x0000000100000000)
  region size 1024K, 58 young (59392K), 8 survivors (8192K)
 Metaspace       used 103351K, capacity 105865K, committed 106316K, reserved 1140736K
  class space    used 13252K, capacity 14199K, committed 14464K, reserved 1048576K
}

