# JRE version: OpenJDK Runtime Environment (11.0.8+10) (build 11.0.8+10-b944.6842174)
# Java VM: OpenJDK 64-Bit Server VM (11.0.8+10-b944.6842174, mixed mode, tiered, compressed oops, g1 gc, windows-amd64)
Heap:
 garbage-first heap   total 165888K, used 125051K [0x0000000080000000, 0x0000000100000000)
  region size 1024K, 34 young (34816K), 5 survivors (5120K)
 Metaspace       used 91688K, capacity 94226K, committed 94336K, reserved 1130496K
  class space    used 11694K, capacity 12580K, committed 12672K, reserved 1048576K
GC Heap History (20 events):
Event: 203.113 GC heap before
{Heap before GC invocations=24 (full 0):
 garbage-first heap   total 131072K, used 108088K [0x0000000080000000, 0x0000000100000000)
  region size 1024K, 30 young (30720K), 4 survivors (4096K)
 Metaspace       used 72278K, capacity 74072K, committed 74240K, reserved 1114112K
  class space    used 9063K, capacity 9674K, committed 9728K, reserved 1048576K
}
Event: 203.130 GC heap after
{Heap after GC invocations=25 (full 0):
 garbage-first heap   total 131072K, used 83525K [0x0000000080000000, 0x0000000100000000)
  region size 1024K, 3 young (3072K), 3 survivors (3072K)
 Metaspace       used 72278K, capacity 74072K, committed 74240K, reserved 1114112K
  class space    used 9063K, capacity 9674K, committed 9728K, reserved 1048576K
}
Event: 203.678 GC heap before
{Heap before GC invocations=25 (full 0):
 garbage-first heap   total 131072K, used 109125K [0x0000000080000000, 0x0000000100000000)
  region size 1024K, 28 young (28672K), 3 survivors (3072K)
 Metaspace       used 74937K, capacity 76810K, committed 77056K, reserved 1116160K
  class space    used 9485K, capacity 10176K, committed 10240K, reserved 1048576K
}
Event: 203.685 GC heap after
{Heap after GC invocations=26 (full 0):
 garbage-first heap   total 131072K, used 85206K [0x0000000080000000, 0x0000000100000000)
  region size 1024K, 4 young (4096K), 4 survivors (4096K)
 Metaspace       used 74937K, capacity 76810K, committed 77056K, reserved 1116160K
  class space    used 9485K, capacity 10176K, committed 10240K, reserved 1048576K
}
Event: 204.051 GC heap before
{Heap before GC invocations=27 (full 0):
 garbage-first heap   total 131072K, used 110806K [0x0000000080000000, 0x0000000100000000)
  region size 1024K, 29 young (29696K), 4 survivors (4096K)
 Metaspace       used 76948K, capacity 78839K, committed 79104K, reserved 1118208K
  class space    used 9791K, capacity 10447K, committed 10496K, reserved 1048576K
}
Event: 204.064 GC heap after
{Heap after GC invocations=28 (full 0):
 garbage-first heap   total 131072K, used 86262K [0x0000000080000000, 0x0000000100000000)
  region size 1024K, 3 young (3072K), 3 survivors (3072K)
 Metaspace       used 76948K, capacity 78839K, committed 79104K, reserved 1118208K
  class space    used 9791K, capacity 10447K, committed 10496K, reserved 1048576K
}
Event: 204.644 GC heap before
{Heap before GC invocations=28 (full 0):
 garbage-first heap   total 131072K, used 110838K [0x0000000080000000, 0x0000000100000000)
  region size 1024K, 27 young (27648K), 3 survivors (3072K)
 Metaspace       used 78246K, capacity 80180K, committed 80384K, reserved 1118208K
  class space    used 9955K, capacity 10632K, committed 10752K, reserved 1048576K
}
Event: 204.653 GC heap after
{Heap after GC invocations=29 (full 0):
 garbage-first heap   total 131072K, used 88198K [0x0000000080000000, 0x0000000100000000)
  region size 1024K, 3 young (3072K), 3 survivors (3072K)
 Metaspace       used 78246K, capacity 80180K, committed 80384K, reserved 1118208K
  class space    used 9955K, capacity 10632K, committed 10752K, reserved 1048576K
}
Event: 204.894 GC heap before
{Heap before GC invocations=30 (full 0):
 garbage-first heap   total 131072K, used 110726K [0x0000000080000000, 0x0000000100000000)
  region size 1024K, 26 young (26624K), 3 survivors (3072K)
 Metaspace       used 79942K, capacity 81874K, committed 82048K, reserved 1120256K
  class space    used 10165K, capacity 10832K, committed 10880K, reserved 1048576K
}
Event: 204.902 GC heap after
{Heap after GC invocations=31 (full 0):
 garbage-first heap   total 131072K, used 89746K [0x0000000080000000, 0x0000000100000000)
  region size 1024K, 4 young (4096K), 4 survivors (4096K)
 Metaspace       used 79942K, capacity 81874K, committed 82048K, reserved 1120256K
  class space    used 10165K, capacity 10832K, committed 10880K, reserved 1048576K
}
Event: 205.099 GC heap before
{Heap before GC invocations=31 (full 0):
 garbage-first heap   total 131072K, used 107154K [0x0000000080000000, 0x0000000100000000)
  region size 1024K, 23 young (23552K), 4 survivors (4096K)
 Metaspace       used 80983K, capacity 82877K, committed 83200K, reserved 1122304K
  class space    used 10303K, capacity 10931K, committed 11008K, reserved 1048576K
}
Event: 205.109 GC heap after
{Heap after GC invocations=32 (full 0):
 garbage-first heap   total 131072K, used 91793K [0x0000000080000000, 0x0000000100000000)
  region size 1024K, 4 young (4096K), 4 survivors (4096K)
 Metaspace       used 80983K, capacity 82877K, committed 83200K, reserved 1122304K
  class space    used 10303K, capacity 10931K, committed 11008K, reserved 1048576K
}
Event: 205.949 GC heap before
{Heap before GC invocations=33 (full 0):
 garbage-first heap   total 131072K, used 112273K [0x0000000080000000, 0x0000000100000000)
  region size 1024K, 23 young (23552K), 4 survivors (4096K)
 Metaspace       used 83457K, capacity 85549K, committed 85888K, reserved 1124352K
  class space    used 10550K, capacity 11265K, committed 11392K, reserved 1048576K
}
Event: 205.981 GC heap after
{Heap after GC invocations=34 (full 0):
 garbage-first heap   total 131072K, used 92044K [0x0000000080000000, 0x0000000100000000)
  region size 1024K, 1 young (1024K), 1 survivors (1024K)
 Metaspace       used 83457K, capacity 85549K, committed 85888K, reserved 1124352K
  class space    used 10550K, capacity 11265K, committed 11392K, reserved 1048576K
}
Event: 206.398 GC heap before
{Heap before GC invocations=34 (full 0):
 garbage-first heap   total 131072K, used 112524K [0x0000000080000000, 0x0000000100000000)
  region size 1024K, 21 young (21504K), 1 survivors (1024K)
 Metaspace       used 85452K, capacity 87456K, committed 87680K, reserved 1126400K
  class space    used 10859K, capacity 11571K, committed 11648K, reserved 1048576K
}
Event: 206.406 GC heap after
{Heap after GC invocations=35 (full 0):
 garbage-first heap   total 165888K, used 92781K [0x0000000080000000, 0x0000000100000000)
  region size 1024K, 2 young (2048K), 2 survivors (2048K)
 Metaspace       used 85452K, capacity 87456K, committed 87680K, reserved 1126400K
  class space    used 10859K, capacity 11571K, committed 11648K, reserved 1048576K
}
Event: 207.141 GC heap before
{Heap before GC invocations=36 (full 0):
 garbage-first heap   total 165888K, used 127597K [0x0000000080000000, 0x0000000100000000)
  region size 1024K, 36 young (36864K), 2 survivors (2048K)
 Metaspace       used 89843K, capacity 91958K, committed 92032K, reserved 1128448K
  class space    used 11395K, capacity 12087K, committed 12160K, reserved 1048576K
}
Event: 207.147 GC heap after
{Heap after GC invocations=37 (full 0):
 garbage-first heap   total 165888K, used 94945K [0x0000000080000000, 0x0000000100000000)
  region size 1024K, 4 young (4096K), 4 survivors (4096K)
 Metaspace       used 89843K, capacity 91958K, committed 92032K, reserved 1128448K
  class space    used 11395K, capacity 12087K, committed 12160K, reserved 1048576K
}
Event: 207.609 GC heap before
{Heap before GC invocations=37 (full 0):
 garbage-first heap   total 165888K, used 129761K [0x0000000080000000, 0x0000000100000000)
  region size 1024K, 39 young (39936K), 4 survivors (4096K)
 Metaspace       used 91479K, capacity 94076K, committed 94336K, reserved 1130496K
  class space    used 11693K, capacity 12577K, committed 12672K, reserved 1048576K
}
Event: 207.617 GC heap after
{Heap after GC invocations=38 (full 0):
 garbage-first heap   total 165888K, used 97403K [0x0000000080000000, 0x0000000100000000)
  region size 1024K, 5 young (5120K), 5 survivors (5120K)
 Metaspace       used 91479K, capacity 94076K, committed 94336K, reserved 1130496K
  class space    used 11693K, capacity 12577K, committed 12672K, reserved 1048576K
}

